#
# There is insufficient memory for the Java Runtime Environment to continue.
# Native memory allocation (mmap) failed to map 126353408 bytes for committing reserved memory.
# Possible reasons:
#   The system is out of physical RAM or swap space
#   In 32 bit mode, the process size limit was hit
# Possible solutions:
#   Reduce memory load on the system
#   Increase physical memory or swap space
#   Check if swap backing store is full
#   Use 64 bit Java on a 64 bit OS
#   Decrease Java heap size (-Xmx/-Xms)
#   Decrease number of Java threads
#   Decrease Java thread stack sizes (-Xss)
#   Set larger code cache with -XX:ReservedCodeCacheSize=
# This output file may be truncated or incomplete.
#
#  Out of Memory Error (os_linux.cpp:2627), pid=20536, tid=0x00007fe746490700
#
# JRE version: Java(TM) SE Runtime Environment (8.0_101-b13) (build 1.8.0_101-b13)
# Java VM: Java HotSpot(TM) 64-Bit Server VM (25.101-b13 mixed mode linux-amd64 compressed oops)
# Failed to write core dump. Core dumps have been disabled. To enable core dumping, try "ulimit -c unlimited" before starting Java again
#

---------------  T H R E A D  ---------------

Current thread (0x00007fe760077800):  VMThread [stack: 0x00007fe746390000,0x00007fe746491000] [id=20542]

Stack: [0x00007fe746390000,0x00007fe746491000],  sp=0x00007fe74648f160,  free space=1020k
Native frames: (J=compiled Java code, j=interpreted, Vv=VM code, C=native code)
V  [libjvm.so+0xac3f0a]  VMError::report_and_die()+0x2ba
V  [libjvm.so+0x4fbf9b]  report_vm_out_of_memory(char const*, int, unsigned long, VMErrorType, char const*)+0x8b
V  [libjvm.so+0x9222d3]  os::Linux::commit_memory_impl(char*, unsigned long, bool)+0x103
V  [libjvm.so+0x922829]  os::pd_commit_memory(char*, unsigned long, unsigned long, bool)+0x29
V  [libjvm.so+0x91cb2a]  os::commit_memory(char*, unsigned long, unsigned long, bool)+0x2a
V  [libjvm.so+0x991053]  PSVirtualSpace::expand_by(unsigned long)+0x53
V  [libjvm.so+0x981920]  PSOldGen::expand(unsigned long)+0x170
V  [libjvm.so+0x981b2b]  PSOldGen::resize(unsigned long)+0x1cb
V  [libjvm.so+0x989821]  PSParallelCompact::invoke_no_policy(bool)+0x991
V  [libjvm.so+0x98f17d]  PSScavenge::invoke()+0x1ad
V  [libjvm.so+0x945fc0]  ParallelScavengeHeap::failed_mem_allocate(unsigned long)+0x70
V  [libjvm.so+0xac5927]  VM_ParallelGCFailedAllocation::doit()+0x97
V  [libjvm.so+0xacd405]  VM_Operation::evaluate()+0x55
V  [libjvm.so+0xacb7da]  VMThread::evaluate_operation(VM_Operation*)+0xba
V  [libjvm.so+0xacbb5e]  VMThread::loop()+0x1ce
V  [libjvm.so+0xacbfd0]  VMThread::run()+0x70
V  [libjvm.so+0x924698]  java_start(Thread*)+0x108

VM_Operation (0x00007fe766e4f5e0): ParallelGCFailedAllocation, mode: safepoint, requested by thread 0x00007fe760009800


---------------  P R O C E S S  ---------------

Java Threads: ( => current thread )
  0x00007fe7600c8800 JavaThread "Service Thread" daemon [_thread_blocked, id=20549, stack(0x00007fe745475000,0x00007fe745576000)]
  0x00007fe7600bd000 JavaThread "C1 CompilerThread2" daemon [_thread_blocked, id=20548, stack(0x00007fe745576000,0x00007fe745677000)]
  0x00007fe7600bb800 JavaThread "C2 CompilerThread1" daemon [_thread_blocked, id=20547, stack(0x00007fe745677000,0x00007fe745778000)]
  0x00007fe7600b8800 JavaThread "C2 CompilerThread0" daemon [_thread_blocked, id=20546, stack(0x00007fe745778000,0x00007fe745879000)]
  0x00007fe7600b7000 JavaThread "Signal Dispatcher" daemon [_thread_blocked, id=20545, stack(0x00007fe745879000,0x00007fe74597a000)]
  0x00007fe760083800 JavaThread "Finalizer" daemon [_thread_blocked, id=20544, stack(0x00007fe74618e000,0x00007fe74628f000)]
  0x00007fe76007f000 JavaThread "Reference Handler" daemon [_thread_blocked, id=20543, stack(0x00007fe74628f000,0x00007fe746390000)]
  0x00007fe760009800 JavaThread "main" [_thread_blocked, id=20537, stack(0x00007fe766d50000,0x00007fe766e51000)]

Other Threads:
=>0x00007fe760077800 VMThread [stack: 0x00007fe746390000,0x00007fe746491000] [id=20542]
  0x00007fe7600cb000 WatcherThread [stack: 0x00007fe745374000,0x00007fe745475000] [id=20550]

VM state:at safepoint (normal execution)

VM Mutex/Monitor currently owned by a thread:  ([mutex/lock_event])
[0x00007fe7600056d0] ExpandHeap_lock - owner thread: 0x00007fe760077800
[0x00007fe760005d50] Threads_lock - owner thread: 0x00007fe760077800
[0x00007fe760006250] Heap_lock - owner thread: 0x00007fe760009800

Heap:
 PSYoungGen      total 620032K, used 15879K [0x00000000d6d80000, 0x0000000100000000, 0x0000000100000000)
  eden space 565760K, 0% used [0x00000000d6d80000,0x00000000d6d80000,0x00000000f9600000)
  from space 54272K, 29% used [0x00000000f9600000,0x00000000fa581d58,0x00000000fcb00000)
  to   space 53760K, 0% used [0x00000000fcb80000,0x00000000fcb80000,0x0000000100000000)
 ParOldGen       total 162816K, used 162574K [0x0000000084800000, 0x000000008e700000, 0x00000000d6d80000)
  object space 162816K, 99% used [0x0000000084800000,0x000000008e6c3a98,0x000000008e700000)
 Metaspace       used 2803K, capacity 4564K, committed 4864K, reserved 1056768K
  class space    used 296K, capacity 388K, committed 512K, reserved 1048576K

Card table byte_map: [0x00007fe750648000,0x00007fe750a25000] byte_map_base: 0x00007fe750224000

Marking Bits: (ParMarkBitMap*) 0x00007fe76622a120
 Begin Bits: [0x00007fe74c1f1000, 0x00007fe74e0d1000)
 End Bits:   [0x00007fe74e0d1000, 0x00007fe74ffb1000)

Polling page: 0x00007fe766e73000

CodeCache: size=245760Kb used=1658Kb max_used=1670Kb free=244101Kb
 bounds [0x00007fe750de5000, 0x00007fe751055000, 0x00007fe75fde5000]
 total_blobs=473 nmethods=234 adapters=153
 compilation: enabled

Compilation events (10 events):
Event: 1.022 Thread 0x00007fe7600b8800  230       4       Solver::solved (330 bytes)
Event: 1.059 Thread 0x00007fe7600bb800  231       4       java.util.HashMap$KeyIterator::next (8 bytes)
Event: 1.063 Thread 0x00007fe7600bb800 nmethod 231 0x00007fe750f6b4d0 code [0x00007fe750f6b620, 0x00007fe750f6b818]
Event: 1.123 Thread 0x00007fe7600b8800 nmethod 230 0x00007fe750f88a90 code [0x00007fe750f88ec0, 0x00007fe750f8b4d8]
Event: 1.153 Thread 0x00007fe7600bb800  232       4       java.util.ArrayList$Itr::<init> (6 bytes)
Event: 1.154 Thread 0x00007fe7600bb800 nmethod 232 0x00007fe750f6b210 code [0x00007fe750f6b360, 0x00007fe750f6b3f8]
Event: 2.736 Thread 0x00007fe7600b8800  233       4       java.util.ComparableTimSort::countRunAndMakeAscending (123 bytes)
Event: 2.746 Thread 0x00007fe7600b8800 nmethod 233 0x00007fe750f6cc10 code [0x00007fe750f6cdc0, 0x00007fe750f6d2d8]
Event: 2.801 Thread 0x00007fe7600bb800  234       4       java.util.Collections::shuffle (127 bytes)
Event: 2.815 Thread 0x00007fe7600bb800 nmethod 234 0x00007fe750f6be10 code [0x00007fe750f6bfa0, 0x00007fe750f6c678]

GC Heap History (10 events):
Event: 1.993 GC heap after
Heap after GC invocations=14 (full 0):
 PSYoungGen      total 615424K, used 15840K [0x00000000d6d80000, 0x0000000100000000, 0x0000000100000000)
  eden space 599552K, 0% used [0x00000000d6d80000,0x00000000d6d80000,0x00000000fb700000)
  from space 15872K, 99% used [0x00000000ff080000,0x00000000ffff8010,0x0000000100000000)
  to   space 37376K, 0% used [0x00000000fb700000,0x00000000fb700000,0x00000000fdb80000)
 ParOldGen       total 84992K, used 83016K [0x0000000084800000, 0x0000000089b00000, 0x00000000d6d80000)
  object space 84992K, 97% used [0x0000000084800000,0x0000000089912080,0x0000000089b00000)
 Metaspace       used 2803K, capacity 4564K, committed 4864K, reserved 1056768K
  class space    used 296K, capacity 388K, committed 512K, reserved 1048576K
}
Event: 1.993 GC heap before
{Heap before GC invocations=15 (full 1):
 PSYoungGen      total 615424K, used 15840K [0x00000000d6d80000, 0x0000000100000000, 0x0000000100000000)
  eden space 599552K, 0% used [0x00000000d6d80000,0x00000000d6d80000,0x00000000fb700000)
  from space 15872K, 99% used [0x00000000ff080000,0x00000000ffff8010,0x0000000100000000)
  to   space 37376K, 0% used [0x00000000fb700000,0x00000000fb700000,0x00000000fdb80000)
 ParOldGen       total 84992K, used 83016K [0x0000000084800000, 0x0000000089b00000, 0x00000000d6d80000)
  object space 84992K, 97% used [0x0000000084800000,0x0000000089912080,0x0000000089b00000)
 Metaspace       used 2803K, capacity 4564K, committed 4864K, reserved 1056768K
  class space    used 296K, capacity 388K, committed 512K, reserved 1048576K
Event: 2.307 GC heap after
Heap after GC invocations=15 (full 1):
 PSYoungGen      total 615424K, used 12232K [0x00000000d6d80000, 0x0000000100000000, 0x0000000100000000)
  eden space 599552K, 0% used [0x00000000d6d80000,0x00000000d6d80000,0x00000000fb700000)
  from space 15872K, 77% used [0x00000000ff080000,0x00000000ffc72280,0x0000000100000000)
  to   space 37376K, 0% used [0x00000000fb700000,0x00000000fb700000,0x00000000fdb80000)
 ParOldGen       total 162816K, used 84977K [0x0000000084800000, 0x000000008e700000, 0x00000000d6d80000)
  object space 162816K, 52% used [0x0000000084800000,0x0000000089afc4a8,0x000000008e700000)
 Metaspace       used 2803K, capacity 4564K, committed 4864K, reserved 1056768K
  class space    used 296K, capacity 388K, committed 512K, reserved 1048576K
}
Event: 2.615 GC heap before
{Heap before GC invocations=16 (full 1):
 PSYoungGen      total 615424K, used 611784K [0x00000000d6d80000, 0x0000000100000000, 0x0000000100000000)
  eden space 599552K, 100% used [0x00000000d6d80000,0x00000000fb700000,0x00000000fb700000)
  from space 15872K, 77% used [0x00000000ff080000,0x00000000ffc72280,0x0000000100000000)
  to   space 37376K, 0% used [0x00000000fb700000,0x00000000fb700000,0x00000000fdb80000)
 ParOldGen       total 162816K, used 84977K [0x0000000084800000, 0x000000008e700000, 0x00000000d6d80000)
  object space 162816K, 52% used [0x0000000084800000,0x0000000089afc4a8,0x000000008e700000)
 Metaspace       used 2803K, capacity 4564K, committed 4864K, reserved 1056768K
  class space    used 296K, capacity 388K, committed 512K, reserved 1048576K
Event: 2.680 GC heap after
Heap after GC invocations=16 (full 1):
 PSYoungGen      total 627712K, used 27776K [0x00000000d6d80000, 0x0000000100000000, 0x0000000100000000)
  eden space 599552K, 0% used [0x00000000d6d80000,0x00000000d6d80000,0x00000000fb700000)
  from space 28160K, 98% used [0x00000000fb700000,0x00000000fd220010,0x00000000fd280000)
  to   space 40960K, 0% used [0x00000000fd800000,0x00000000fd800000,0x0000000100000000)
 ParOldGen       total 162816K, used 97489K [0x0000000084800000, 0x000000008e700000, 0x00000000d6d80000)
  object space 162816K, 59% used [0x0000000084800000,0x000000008a7344a8,0x000000008e700000)
 Metaspace       used 2803K, capacity 4564K, committed 4864K, reserved 1056768K
  class space    used 296K, capacity 388K, committed 512K, reserved 1048576K
}
Event: 2.983 GC heap before
{Heap before GC invocations=17 (full 1):
 PSYoungGen      total 627712K, used 627328K [0x00000000d6d80000, 0x0000000100000000, 0x0000000100000000)
  eden space 599552K, 100% used [0x00000000d6d80000,0x00000000fb700000,0x00000000fb700000)
  from space 28160K, 98% used [0x00000000fb700000,0x00000000fd220010,0x00000000fd280000)
  to   space 40960K, 0% used [0x00000000fd800000,0x00000000fd800000,0x0000000100000000)
 ParOldGen       total 162816K, used 97489K [0x0000000084800000, 0x000000008e700000, 0x00000000d6d80000)
  object space 162816K, 59% used [0x0000000084800000,0x000000008a7344a8,0x000000008e700000)
 Metaspace       used 2803K, capacity 4564K, committed 4864K, reserved 1056768K
  class space    used 296K, capacity 388K, committed 512K, reserved 1048576K
Event: 3.028 GC heap after
Heap after GC invocations=17 (full 1):
 PSYoungGen      total 606720K, used 40928K [0x00000000d6d80000, 0x0000000100000000, 0x0000000100000000)
  eden space 565760K, 0% used [0x00000000d6d80000,0x00000000d6d80000,0x00000000f9600000)
  from space 40960K, 99% used [0x00000000fd800000,0x00000000ffff8010,0x0000000100000000)
  to   space 54272K, 0% used [0x00000000f9600000,0x00000000f9600000,0x00000000fcb00000)
 ParOldGen       total 162816K, used 112137K [0x0000000084800000, 0x000000008e700000, 0x00000000d6d80000)
  object space 162816K, 68% used [0x0000000084800000,0x000000008b5824a8,0x000000008e700000)
 Metaspace       used 2803K, capacity 4564K, committed 4864K, reserved 1056768K
  class space    used 296K, capacity 388K, committed 512K, reserved 1048576K
}
Event: 3.320 GC heap before
{Heap before GC invocations=18 (full 1):
 PSYoungGen      total 606720K, used 606688K [0x00000000d6d80000, 0x0000000100000000, 0x0000000100000000)
  eden space 565760K, 100% used [0x00000000d6d80000,0x00000000f9600000,0x00000000f9600000)
  from space 40960K, 99% used [0x00000000fd800000,0x00000000ffff8010,0x0000000100000000)
  to   space 54272K, 0% used [0x00000000f9600000,0x00000000f9600000,0x00000000fcb00000)
 ParOldGen       total 162816K, used 112137K [0x0000000084800000, 0x000000008e700000, 0x00000000d6d80000)
  object space 162816K, 68% used [0x0000000084800000,0x000000008b5824a8,0x000000008e700000)
 Metaspace       used 2803K, capacity 4564K, committed 4864K, reserved 1056768K
  class space    used 296K, capacity 388K, committed 512K, reserved 1048576K
Event: 3.392 GC heap after
Heap after GC invocations=18 (full 1):
 PSYoungGen      total 620032K, used 26240K [0x00000000d6d80000, 0x0000000100000000, 0x0000000100000000)
  eden space 565760K, 0% used [0x00000000d6d80000,0x00000000d6d80000,0x00000000f9600000)
  from space 54272K, 48% used [0x00000000f9600000,0x00000000fafa0000,0x00000000fcb00000)
  to   space 53760K, 0% used [0x00000000fcb80000,0x00000000fcb80000,0x0000000100000000)
 ParOldGen       total 162816K, used 153905K [0x0000000084800000, 0x000000008e700000, 0x00000000d6d80000)
  object space 162816K, 94% used [0x0000000084800000,0x000000008de4c4b8,0x000000008e700000)
 Metaspace       used 2803K, capacity 4564K, committed 4864K, reserved 1056768K
  class space    used 296K, capacity 388K, committed 512K, reserved 1048576K
}
Event: 3.392 GC heap before
{Heap before GC invocations=19 (full 2):
 PSYoungGen      total 620032K, used 26240K [0x00000000d6d80000, 0x0000000100000000, 0x0000000100000000)
  eden space 565760K, 0% used [0x00000000d6d80000,0x00000000d6d80000,0x00000000f9600000)
  from space 54272K, 48% used [0x00000000f9600000,0x00000000fafa0000,0x00000000fcb00000)
  to   space 53760K, 0% used [0x00000000fcb80000,0x00000000fcb80000,0x0000000100000000)
 ParOldGen       total 162816K, used 153905K [0x0000000084800000, 0x000000008e700000, 0x00000000d6d80000)
  object space 162816K, 94% used [0x0000000084800000,0x000000008de4c4b8,0x000000008e700000)
 Metaspace       used 2803K, capacity 4564K, committed 4864K, reserved 1056768K
  class space    used 296K, capacity 388K, committed 512K, reserved 1048576K

Deoptimization events (5 events):
Event: 0.111 Thread 0x00007fe760009800 Uncommon trap: reason=unstable_if action=reinterpret pc=0x00007fe750f190ec method=java.util.HashMap.putVal(ILjava/lang/Object;Ljava/lang/Object;ZZ)Ljava/lang/Object; @ 69
Event: 0.132 Thread 0x00007fe760009800 Uncommon trap: reason=unstable_if action=reinterpret pc=0x00007fe750f13814 method=java.util.HashMap.putVal(ILjava/lang/Object;Ljava/lang/Object;ZZ)Ljava/lang/Object; @ 284
Event: 0.476 Thread 0x00007fe760009800 Uncommon trap: reason=unstable_if action=reinterpret pc=0x00007fe750f12c14 method=java.lang.Integer.stringSize(I)I @ 8
Event: 0.476 Thread 0x00007fe760009800 Uncommon trap: reason=unstable_if action=reinterpret pc=0x00007fe750f04240 method=java.lang.Integer.getChars(II[C)V @ 110
Event: 0.476 Thread 0x00007fe760009800 Uncommon trap: reason=unstable_if action=reinterpret pc=0x00007fe750f18804 method=java.lang.Integer.stringSize(I)I @ 8

Internal exceptions (2 events):
Event: 0.032 Thread 0x00007fe760009800 Exception <a 'java/lang/NoSuchMethodError': Method sun.misc.Unsafe.defineClass(Ljava/lang/String;[BII)Ljava/lang/Class; name or signature does not match> (0x00000000d6d87cc0) thrown at [/HUDSON3/workspace/8-2-build-linux-amd64/jdk8u101/7261/hotspot/src/sh
Event: 0.032 Thread 0x00007fe760009800 Exception <a 'java/lang/NoSuchMethodError': Method sun.misc.Unsafe.prefetchRead(Ljava/lang/Object;J)V name or signature does not match> (0x00000000d6d87fa8) thrown at [/HUDSON3/workspace/8-2-build-linux-amd64/jdk8u101/7261/hotspot/src/share/vm/prims/jni.c

Events (10 events):
Event: 1.153 loading class java/util/ArrayList$1 done
Event: 1.578 Executing VM operation: ParallelGCFailedAllocation
Event: 1.622 Executing VM operation: ParallelGCFailedAllocation done
Event: 1.948 Executing VM operation: ParallelGCFailedAllocation
Event: 2.308 Executing VM operation: ParallelGCFailedAllocation done
Event: 2.614 Executing VM operation: ParallelGCFailedAllocation
Event: 2.680 Executing VM operation: ParallelGCFailedAllocation done
Event: 2.983 Executing VM operation: ParallelGCFailedAllocation
Event: 3.028 Executing VM operation: ParallelGCFailedAllocation done
Event: 3.320 Executing VM operation: ParallelGCFailedAllocation


Dynamic libraries:
00400000-00401000 r-xp 00000000 08:08 820784                             /usr/lib/jvm/java-8-oracle/jre/bin/java
00600000-00601000 rw-p 00000000 08:08 820784                             /usr/lib/jvm/java-8-oracle/jre/bin/java
01574000-01595000 rw-p 00000000 00:00 0                                  [heap]
84800000-8e700000 rw-p 00000000 00:00 0 
95f80000-d6d80000 ---p 00000000 00:00 0 
d6d80000-100000000 rw-p 00000000 00:00 0 
100000000-100080000 rw-p 00000000 00:00 0 
100080000-140000000 ---p 00000000 00:00 0 
7fe710000000-7fe710021000 rw-p 00000000 00:00 0 
7fe710021000-7fe714000000 ---p 00000000 00:00 0 
7fe714000000-7fe714021000 rw-p 00000000 00:00 0 
7fe714021000-7fe718000000 ---p 00000000 00:00 0 
7fe718000000-7fe718395000 rw-p 00000000 00:00 0 
7fe718395000-7fe71c000000 ---p 00000000 00:00 0 
7fe71c000000-7fe71c092000 rw-p 00000000 00:00 0 
7fe71c092000-7fe720000000 ---p 00000000 00:00 0 
7fe720000000-7fe720021000 rw-p 00000000 00:00 0 
7fe720021000-7fe724000000 ---p 00000000 00:00 0 
7fe724000000-7fe72437c000 rw-p 00000000 00:00 0 
7fe72437c000-7fe728000000 ---p 00000000 00:00 0 
7fe728000000-7fe728021000 rw-p 00000000 00:00 0 
7fe728021000-7fe72c000000 ---p 00000000 00:00 0 
7fe72c000000-7fe72c021000 rw-p 00000000 00:00 0 
7fe72c021000-7fe730000000 ---p 00000000 00:00 0 
7fe730000000-7fe730021000 rw-p 00000000 00:00 0 
7fe730021000-7fe734000000 ---p 00000000 00:00 0 
7fe734000000-7fe734295000 rw-p 00000000 00:00 0 
7fe734295000-7fe738000000 ---p 00000000 00:00 0 
7fe738000000-7fe738021000 rw-p 00000000 00:00 0 
7fe738021000-7fe73c000000 ---p 00000000 00:00 0 
7fe740000000-7fe740021000 rw-p 00000000 00:00 0 
7fe740021000-7fe744000000 ---p 00000000 00:00 0 
7fe745374000-7fe745375000 ---p 00000000 00:00 0 
7fe745375000-7fe745475000 rw-p 00000000 00:00 0 
7fe745475000-7fe745478000 ---p 00000000 00:00 0 
7fe745478000-7fe745576000 rw-p 00000000 00:00 0 
7fe745576000-7fe745579000 ---p 00000000 00:00 0 
7fe745579000-7fe745677000 rw-p 00000000 00:00 0 
7fe745677000-7fe74567a000 ---p 00000000 00:00 0 
7fe74567a000-7fe745778000 rw-p 00000000 00:00 0 
7fe745778000-7fe74577b000 ---p 00000000 00:00 0 
7fe74577b000-7fe745879000 rw-p 00000000 00:00 0 
7fe745879000-7fe74587c000 ---p 00000000 00:00 0 
7fe74587c000-7fe74597a000 rw-p 00000000 00:00 0 
7fe74597a000-7fe74618e000 r--p 00000000 08:08 921714                     /usr/lib/locale/locale-archive
7fe74618e000-7fe746191000 ---p 00000000 00:00 0 
7fe746191000-7fe74628f000 rw-p 00000000 00:00 0 
7fe74628f000-7fe746292000 ---p 00000000 00:00 0 
7fe746292000-7fe746390000 rw-p 00000000 00:00 0 
7fe746390000-7fe746391000 ---p 00000000 00:00 0 
7fe746391000-7fe747864000 rw-p 00000000 00:00 0 
7fe747864000-7fe747c24000 ---p 00000000 00:00 0 
7fe747c24000-7fe748000000 rw-p 00000000 00:00 0 
7fe748000000-7fe748021000 rw-p 00000000 00:00 0 
7fe748021000-7fe74c000000 ---p 00000000 00:00 0 
7fe74c018000-7fe74c1f1000 r--s 03d29000 08:08 820933                     /usr/lib/jvm/java-8-oracle/jre/lib/rt.jar
7fe74c1f1000-7fe74ffb1000 rw-p 00000000 00:00 0 
7fe74ffb1000-7fe74ffb2000 ---p 00000000 00:00 0 
7fe74ffb2000-7fe7500b2000 rw-p 00000000 00:00 0 
7fe7500b2000-7fe7500b3000 ---p 00000000 00:00 0 
7fe7500b3000-7fe7501b3000 rw-p 00000000 00:00 0 
7fe7501b3000-7fe7501b4000 ---p 00000000 00:00 0 
7fe7501b4000-7fe7502b4000 rw-p 00000000 00:00 0 
7fe7502b4000-7fe7502b5000 ---p 00000000 00:00 0 
7fe7502b5000-7fe750405000 rw-p 00000000 00:00 0 
7fe750405000-7fe750648000 ---p 00000000 00:00 0 
7fe750648000-7fe750698000 rw-p 00000000 00:00 0 
7fe750698000-7fe7508da000 ---p 00000000 00:00 0 
7fe7508da000-7fe750a24000 rw-p 00000000 00:00 0 
7fe750a24000-7fe750a2f000 rw-p 00000000 00:00 0 
7fe750a2f000-7fe750de5000 ---p 00000000 00:00 0 
7fe750de5000-7fe751055000 rwxp 00000000 00:00 0 
7fe751055000-7fe75fde5000 ---p 00000000 00:00 0 
7fe75fde5000-7fe75fdff000 r-xp 00000000 08:08 820873                     /usr/lib/jvm/java-8-oracle/jre/lib/amd64/libzip.so
7fe75fdff000-7fe75ffff000 ---p 0001a000 08:08 820873                     /usr/lib/jvm/java-8-oracle/jre/lib/amd64/libzip.so
7fe75ffff000-7fe760000000 rw-p 0001a000 08:08 820873                     /usr/lib/jvm/java-8-oracle/jre/lib/amd64/libzip.so
7fe760000000-7fe7603c6000 rw-p 00000000 00:00 0 
7fe7603c6000-7fe764000000 ---p 00000000 00:00 0 
7fe764020000-7fe7640e5000 rw-p 00000000 00:00 0 
7fe7640e5000-7fe7640ef000 r-xp 00000000 08:08 791502                     /lib/x86_64-linux-gnu/libnss_files-2.19.so
7fe7640ef000-7fe7642ee000 ---p 0000a000 08:08 791502                     /lib/x86_64-linux-gnu/libnss_files-2.19.so
7fe7642ee000-7fe7642ef000 r--p 00009000 08:08 791502                     /lib/x86_64-linux-gnu/libnss_files-2.19.so
7fe7642ef000-7fe7642f0000 rw-p 0000a000 08:08 791502                     /lib/x86_64-linux-gnu/libnss_files-2.19.so
7fe7642f0000-7fe7642fb000 r-xp 00000000 08:08 791437                     /lib/x86_64-linux-gnu/libnss_nis-2.19.so
7fe7642fb000-7fe7644fa000 ---p 0000b000 08:08 791437                     /lib/x86_64-linux-gnu/libnss_nis-2.19.so
7fe7644fa000-7fe7644fb000 r--p 0000a000 08:08 791437                     /lib/x86_64-linux-gnu/libnss_nis-2.19.so
7fe7644fb000-7fe7644fc000 rw-p 0000b000 08:08 791437                     /lib/x86_64-linux-gnu/libnss_nis-2.19.so
7fe7644fc000-7fe764513000 r-xp 00000000 08:08 791431                     /lib/x86_64-linux-gnu/libnsl-2.19.so
7fe764513000-7fe764712000 ---p 00017000 08:08 791431                     /lib/x86_64-linux-gnu/libnsl-2.19.so
7fe764712000-7fe764713000 r--p 00016000 08:08 791431                     /lib/x86_64-linux-gnu/libnsl-2.19.so
7fe764713000-7fe764714000 rw-p 00017000 08:08 791431                     /lib/x86_64-linux-gnu/libnsl-2.19.so
7fe764714000-7fe764716000 rw-p 00000000 00:00 0 
7fe764716000-7fe76471f000 r-xp 00000000 08:08 791429                     /lib/x86_64-linux-gnu/libnss_compat-2.19.so
7fe76471f000-7fe76491e000 ---p 00009000 08:08 791429                     /lib/x86_64-linux-gnu/libnss_compat-2.19.so
7fe76491e000-7fe76491f000 r--p 00008000 08:08 791429                     /lib/x86_64-linux-gnu/libnss_compat-2.19.so
7fe76491f000-7fe764920000 rw-p 00009000 08:08 791429                     /lib/x86_64-linux-gnu/libnss_compat-2.19.so
7fe764920000-7fe76494a000 r-xp 00000000 08:08 820904                     /usr/lib/jvm/java-8-oracle/jre/lib/amd64/libjava.so
7fe76494a000-7fe764b4a000 ---p 0002a000 08:08 820904                     /usr/lib/jvm/java-8-oracle/jre/lib/amd64/libjava.so
7fe764b4a000-7fe764b4c000 rw-p 0002a000 08:08 820904                     /usr/lib/jvm/java-8-oracle/jre/lib/amd64/libjava.so
7fe764b4c000-7fe764b59000 r-xp 00000000 08:08 820884                     /usr/lib/jvm/java-8-oracle/jre/lib/amd64/libverify.so
7fe764b59000-7fe764d59000 ---p 0000d000 08:08 820884                     /usr/lib/jvm/java-8-oracle/jre/lib/amd64/libverify.so
7fe764d59000-7fe764d5b000 rw-p 0000d000 08:08 820884                     /usr/lib/jvm/java-8-oracle/jre/lib/amd64/libverify.so
7fe764d5b000-7fe764d62000 r-xp 00000000 08:08 791460                     /lib/x86_64-linux-gnu/librt-2.19.so
7fe764d62000-7fe764f61000 ---p 00007000 08:08 791460                     /lib/x86_64-linux-gnu/librt-2.19.so
7fe764f61000-7fe764f62000 r--p 00006000 08:08 791460                     /lib/x86_64-linux-gnu/librt-2.19.so
7fe764f62000-7fe764f63000 rw-p 00007000 08:08 791460                     /lib/x86_64-linux-gnu/librt-2.19.so
7fe764f63000-7fe765068000 r-xp 00000000 08:08 791366                     /lib/x86_64-linux-gnu/libm-2.19.so
7fe765068000-7fe765267000 ---p 00105000 08:08 791366                     /lib/x86_64-linux-gnu/libm-2.19.so
7fe765267000-7fe765268000 r--p 00104000 08:08 791366                     /lib/x86_64-linux-gnu/libm-2.19.so
7fe765268000-7fe765269000 rw-p 00105000 08:08 791366                     /lib/x86_64-linux-gnu/libm-2.19.so
7fe765269000-7fe765f34000 r-xp 00000000 08:08 820870                     /usr/lib/jvm/java-8-oracle/jre/lib/amd64/server/libjvm.so
7fe765f34000-7fe766133000 ---p 00ccb000 08:08 820870                     /usr/lib/jvm/java-8-oracle/jre/lib/amd64/server/libjvm.so
7fe766133000-7fe76620c000 rw-p 00cca000 08:08 820870                     /usr/lib/jvm/java-8-oracle/jre/lib/amd64/server/libjvm.so
7fe76620c000-7fe766257000 rw-p 00000000 00:00 0 
7fe766257000-7fe766411000 r-xp 00000000 08:08 791480                     /lib/x86_64-linux-gnu/libc-2.19.so
7fe766411000-7fe766611000 ---p 001ba000 08:08 791480                     /lib/x86_64-linux-gnu/libc-2.19.so
7fe766611000-7fe766615000 r--p 001ba000 08:08 791480                     /lib/x86_64-linux-gnu/libc-2.19.so
7fe766615000-7fe766617000 rw-p 001be000 08:08 791480                     /lib/x86_64-linux-gnu/libc-2.19.so
7fe766617000-7fe76661c000 rw-p 00000000 00:00 0 
7fe76661c000-7fe76661f000 r-xp 00000000 08:08 791377                     /lib/x86_64-linux-gnu/libdl-2.19.so
7fe76661f000-7fe76681e000 ---p 00003000 08:08 791377                     /lib/x86_64-linux-gnu/libdl-2.19.so
7fe76681e000-7fe76681f000 r--p 00002000 08:08 791377                     /lib/x86_64-linux-gnu/libdl-2.19.so
7fe76681f000-7fe766820000 rw-p 00003000 08:08 791377                     /lib/x86_64-linux-gnu/libdl-2.19.so
7fe766820000-7fe766835000 r-xp 00000000 08:08 820886                     /usr/lib/jvm/java-8-oracle/jre/lib/amd64/jli/libjli.so
7fe766835000-7fe766a35000 ---p 00015000 08:08 820886                     /usr/lib/jvm/java-8-oracle/jre/lib/amd64/jli/libjli.so
7fe766a35000-7fe766a36000 rw-p 00015000 08:08 820886                     /usr/lib/jvm/java-8-oracle/jre/lib/amd64/jli/libjli.so
7fe766a36000-7fe766a4f000 r-xp 00000000 08:08 791433                     /lib/x86_64-linux-gnu/libpthread-2.19.so
7fe766a4f000-7fe766c4e000 ---p 00019000 08:08 791433                     /lib/x86_64-linux-gnu/libpthread-2.19.so
7fe766c4e000-7fe766c4f000 r--p 00018000 08:08 791433                     /lib/x86_64-linux-gnu/libpthread-2.19.so
7fe766c4f000-7fe766c50000 rw-p 00019000 08:08 791433                     /lib/x86_64-linux-gnu/libpthread-2.19.so
7fe766c50000-7fe766c54000 rw-p 00000000 00:00 0 
7fe766c54000-7fe766c77000 r-xp 00000000 08:08 791435                     /lib/x86_64-linux-gnu/ld-2.19.so
7fe766c85000-7fe766d50000 rw-p 00000000 00:00 0 
7fe766d50000-7fe766d53000 ---p 00000000 00:00 0 
7fe766d53000-7fe766e55000 rw-p 00000000 00:00 0 
7fe766e69000-7fe766e6a000 rw-p 00000000 00:00 0 
7fe766e6a000-7fe766e72000 rw-s 00000000 08:08 43550                      /tmp/hsperfdata_cat/20536
7fe766e72000-7fe766e73000 rw-p 00000000 00:00 0 
7fe766e73000-7fe766e74000 ---p 00000000 00:00 0 
7fe766e74000-7fe766e76000 rw-p 00000000 00:00 0 
7fe766e76000-7fe766e77000 r--p 00022000 08:08 791435                     /lib/x86_64-linux-gnu/ld-2.19.so
7fe766e77000-7fe766e78000 rw-p 00023000 08:08 791435                     /lib/x86_64-linux-gnu/ld-2.19.so
7fe766e78000-7fe766e79000 rw-p 00000000 00:00 0 
7ffea905b000-7ffea907c000 rw-p 00000000 00:00 0                          [stack]
7ffea916c000-7ffea916e000 r--p 00000000 00:00 0                          [vvar]
7ffea916e000-7ffea9170000 r-xp 00000000 00:00 0                          [vdso]
ffffffffff600000-ffffffffff601000 r-xp 00000000 00:00 0                  [vsyscall]

VM Arguments:
java_command: Kami_solver in33.txt
java_class_path (initial): .
Launcher Type: SUN_STANDARD

Environment Variables:
JAVA_HOME=/home/cat/jdk1.8.0_20
JRE_HOME=/home/cat/jdk1.8.0_20/jre
PATH=/opt/idea/bin:/home/cat/anaconda3/bin:/home/cat/anaconda2/bin:/usr/local/sbin:/usr/local/bin:/usr/sbin:/usr/bin:/sbin:/bin:/usr/games:/usr/local/games:/home/cat/bin:JAVA_HOME:JRE_HOME
SHELL=/bin/bash
DISPLAY=:0

Signal Handlers:
SIGSEGV: [libjvm.so+0xac4790], sa_mask[0]=11111111011111111101111111111110, sa_flags=SA_RESTART|SA_SIGINFO
SIGBUS: [libjvm.so+0xac4790], sa_mask[0]=11111111011111111101111111111110, sa_flags=SA_RESTART|SA_SIGINFO
SIGFPE: [libjvm.so+0x91f140], sa_mask[0]=11111111011111111101111111111110, sa_flags=SA_RESTART|SA_SIGINFO
SIGPIPE: [libjvm.so+0x91f140], sa_mask[0]=11111111011111111101111111111110, sa_flags=SA_RESTART|SA_SIGINFO
SIGXFSZ: [libjvm.so+0x91f140], sa_mask[0]=11111111011111111101111111111110, sa_flags=SA_RESTART|SA_SIGINFO
SIGILL: [libjvm.so+0x91f140], sa_mask[0]=11111111011111111101111111111110, sa_flags=SA_RESTART|SA_SIGINFO
SIGUSR1: SIG_DFL, sa_mask[0]=00000000000000000000000000000000, sa_flags=none
SIGUSR2: [libjvm.so+0x920770], sa_mask[0]=00000000000000000000000000000000, sa_flags=SA_RESTART|SA_SIGINFO
SIGHUP: [libjvm.so+0x921b70], sa_mask[0]=11111111011111111101111111111110, sa_flags=SA_RESTART|SA_SIGINFO
SIGINT: [libjvm.so+0x921b70], sa_mask[0]=11111111011111111101111111111110, sa_flags=SA_RESTART|SA_SIGINFO
SIGTERM: [libjvm.so+0x921b70], sa_mask[0]=11111111011111111101111111111110, sa_flags=SA_RESTART|SA_SIGINFO
SIGQUIT: [libjvm.so+0x921b70], sa_mask[0]=11111111011111111101111111111110, sa_flags=SA_RESTART|SA_SIGINFO


---------------  S Y S T E M  ---------------

OS:DISTRIB_ID=Ubuntu
DISTRIB_RELEASE=14.04
DISTRIB_CODENAME=trusty
DISTRIB_DESCRIPTION="Ubuntu 14.04.5 LTS"

uname:Linux 3.19.0-68-generic #76~14.04.1-Ubuntu SMP Fri Aug 12 11:46:25 UTC 2016 x86_64
libc:glibc 2.19 NPTL 2.19 
rlimit: STACK 8192k, CORE 0k, NPROC 31140, NOFILE 4096, AS infinity
load average:0.34 0.56 0.45

/proc/meminfo:
MemTotal:        8086068 kB
MemFree:          127088 kB
MemAvailable:      71208 kB
Buffers:             812 kB
Cached:           725484 kB
SwapCached:        65276 kB
Active:          6384724 kB
Inactive:        1389292 kB
Active(anon):    6376288 kB
Inactive(anon):  1368980 kB
Active(file):       8436 kB
Inactive(file):    20312 kB
Unevictable:         112 kB
Mlocked:             112 kB
SwapTotal:      11718652 kB
SwapFree:              0 kB
Dirty:               460 kB
Writeback:             0 kB
AnonPages:       6982688 kB
Mapped:           294780 kB
Shmem:            697448 kB
Slab:              62672 kB
SReclaimable:      28432 kB
SUnreclaim:        34240 kB
KernelStack:       10976 kB
PageTables:        66968 kB
NFS_Unstable:          0 kB
Bounce:                0 kB
WritebackTmp:          0 kB
CommitLimit:    15761684 kB
Committed_AS:   24995544 kB
VmallocTotal:   34359738367 kB
VmallocUsed:      574328 kB
VmallocChunk:   34359122312 kB
HardwareCorrupted:     0 kB
AnonHugePages:   3409920 kB
CmaTotal:              0 kB
CmaFree:               0 kB
HugePages_Total:       0
HugePages_Free:        0
HugePages_Rsvd:        0
HugePages_Surp:        0
Hugepagesize:       2048 kB
DirectMap4k:      113408 kB
DirectMap2M:     5040128 kB
DirectMap1G:     4194304 kB


CPU:total 4 (2 cores per cpu, 2 threads per core) family 6 model 69 stepping 1, cmov, cx8, fxsr, mmx, sse, sse2, sse3, ssse3, sse4.1, sse4.2, popcnt, avx, avx2, aes, clmul, erms, lzcnt, ht, tsc, tscinvbit, bmi1, bmi2

/proc/cpuinfo:
processor	: 0
vendor_id	: GenuineIntel
cpu family	: 6
model		: 69
model name	: Intel(R) Core(TM) i7-4510U CPU @ 2.00GHz
stepping	: 1
microcode	: 0x17
cpu MHz		: 2087.109
cache size	: 4096 KB
physical id	: 0
siblings	: 4
core id		: 0
cpu cores	: 2
apicid		: 0
initial apicid	: 0
fpu		: yes
fpu_exception	: yes
cpuid level	: 13
wp		: yes
flags		: fpu vme de pse tsc msr pae mce cx8 apic sep mtrr pge mca cmov pat pse36 clflush dts acpi mmx fxsr sse sse2 ss ht tm pbe syscall nx pdpe1gb rdtscp lm constant_tsc arch_perfmon pebs bts rep_good nopl xtopology nonstop_tsc aperfmperf eagerfpu pni pclmulqdq dtes64 monitor ds_cpl vmx est tm2 ssse3 fma cx16 xtpr pdcm pcid sse4_1 sse4_2 movbe popcnt tsc_deadline_timer aes xsave avx f16c rdrand lahf_lm abm ida arat epb pln pts dtherm tpr_shadow vnmi flexpriority ept vpid fsgsbase tsc_adjust bmi1 avx2 smep bmi2 erms invpcid xsaveopt
bugs		:
bogomips	: 5187.96
clflush size	: 64
cache_alignment	: 64
address sizes	: 39 bits physical, 48 bits virtual
power management:

processor	: 1
vendor_id	: GenuineIntel
cpu family	: 6
model		: 69
model name	: Intel(R) Core(TM) i7-4510U CPU @ 2.00GHz
stepping	: 1
microcode	: 0x17
cpu MHz		: 2752.851
cache size	: 4096 KB
physical id	: 0
siblings	: 4
core id		: 0
cpu cores	: 2
apicid		: 1
initial apicid	: 1
fpu		: yes
fpu_exception	: yes
cpuid level	: 13
wp		: yes
flags		: fpu vme de pse tsc msr pae mce cx8 apic sep mtrr pge mca cmov pat pse36 clflush dts acpi mmx fxsr sse sse2 ss ht tm pbe syscall nx pdpe1gb rdtscp lm constant_tsc arch_perfmon pebs bts rep_good nopl xtopology nonstop_tsc aperfmperf eagerfpu pni pclmulqdq dtes64 monitor ds_cpl vmx est tm2 ssse3 fma cx16 xtpr pdcm pcid sse4_1 sse4_2 movbe popcnt tsc_deadline_timer aes xsave avx f16c rdrand lahf_lm abm ida arat epb pln pts dtherm tpr_shadow vnmi flexpriority ept vpid fsgsbase tsc_adjust bmi1 avx2 smep bmi2 erms invpcid xsaveopt
bugs		:
bogomips	: 5187.96
clflush size	: 64
cache_alignment	: 64
address sizes	: 39 bits physical, 48 bits virtual
power management:

processor	: 2
vendor_id	: GenuineIntel
cpu family	: 6
model		: 69
model name	: Intel(R) Core(TM) i7-4510U CPU @ 2.00GHz
stepping	: 1
microcode	: 0x17
cpu MHz		: 2099.195
cache size	: 4096 KB
physical id	: 0
siblings	: 4
core id		: 1
cpu cores	: 2
apicid		: 2
initial apicid	: 2
fpu		: yes
fpu_exception	: yes
cpuid level	: 13
wp		: yes
flags		: fpu vme de pse tsc msr pae mce cx8 apic sep mtrr pge mca cmov pat pse36 clflush dts acpi mmx fxsr sse sse2 ss ht tm pbe syscall nx pdpe1gb rdtscp lm constant_tsc arch_perfmon pebs bts rep_good nopl xtopology nonstop_tsc aperfmperf eagerfpu pni pclmulqdq dtes64 monitor ds_cpl vmx est tm2 ssse3 fma cx16 xtpr pdcm pcid sse4_1 sse4_2 movbe popcnt tsc_deadline_timer aes xsave avx f16c rdrand lahf_lm abm ida arat epb pln pts dtherm tpr_shadow vnmi flexpriority ept vpid fsgsbase tsc_adjust bmi1 avx2 smep bmi2 erms invpcid xsaveopt
bugs		:
bogomips	: 5187.96
clflush size	: 64
cache_alignment	: 64
address sizes	: 39 bits physical, 48 bits virtual
power management:

processor	: 3
vendor_id	: GenuineIntel
cpu family	: 6
model		: 69
model name	: Intel(R) Core(TM) i7-4510U CPU @ 2.00GHz
stepping	: 1
microcode	: 0x17
cpu MHz		: 2395.960
cache size	: 4096 KB
physical id	: 0
siblings	: 4
core id		: 1
cpu cores	: 2
apicid		: 3
initial apicid	: 3
fpu		: yes
fpu_exception	: yes
cpuid level	: 13
wp		: yes
flags		: fpu vme de pse tsc msr pae mce cx8 apic sep mtrr pge mca cmov pat pse36 clflush dts acpi mmx fxsr sse sse2 ss ht tm pbe syscall nx pdpe1gb rdtscp lm constant_tsc arch_perfmon pebs bts rep_good nopl xtopology nonstop_tsc aperfmperf eagerfpu pni pclmulqdq dtes64 monitor ds_cpl vmx est tm2 ssse3 fma cx16 xtpr pdcm pcid sse4_1 sse4_2 movbe popcnt tsc_deadline_timer aes xsave avx f16c rdrand lahf_lm abm ida arat epb pln pts dtherm tpr_shadow vnmi flexpriority ept vpid fsgsbase tsc_adjust bmi1 avx2 smep bmi2 erms invpcid xsaveopt
bugs		:
bogomips	: 5187.96
clflush size	: 64
cache_alignment	: 64
address sizes	: 39 bits physical, 48 bits virtual
power management:



Memory: 4k page, physical 8086068k(126468k free), swap 11718652k(0k free)

vm_info: Java HotSpot(TM) 64-Bit Server VM (25.101-b13) for linux-amd64 JRE (1.8.0_101-b13), built on Jun 22 2016 02:59:44 by "java_re" with gcc 4.3.0 20080428 (Red Hat 4.3.0-8)

time: Sun Oct  2 18:20:24 2016
elapsed time: 3 seconds (0d 0h 0m 3s)

