=======
5 1 5 2 4 5 5 5 2 1 
4 1 5 5 3 4 4 5 2 1 
4 1 1 2 4 4 4 4 1 4 
1 1 5 1 3 4 4 5 3 4 
2 2 5 2 1 2 2 3 3 4 
3 3 5 5 1 1 2 3 4 3 
3 2 5 2 3 3 2 5 3 3 
2 4 5 4 3 1 1 5 4 3 
4 4 4 2 4 4 5 4 4 2 
2 2 4 3 1 5 5 1 2 2 
4 2 2 3 5 5 4 4 2 4 
4 1 4 2 5 3 4 3 1 2 
4 4 5 5 1 2 2 2 2 2 
5 5 5 2 3 3 4 2 1 1 
4 1 5 5 3 1 4 2 1 1 
3 3 3 3 2 3 1 1 4 3 
=======
 ||
 ||
 || Step 1
\||/
 \/
 ||
 ||
 || Step 2
\||/
 \/
 ||
 ||
 || Step 3
\||/
 \/
 ||
 ||
 || Step 4
\||/
 \/
 ||
 ||
 || Step 5
\||/
 \/
 ||
 ||
 || Step 6
\||/
 \/
 ||
 ||
 || Step 7
\||/
 \/
 ||
 ||
 || Step 8
\||/
 \/
 ||
 ||
 || Step 9
\||/
 \/
 ||
 ||
 || Step 10
\||/
 \/
Time Elapsed: 350ms
